<component name="ArtifactManager">
  <artifact type="war" name="junitSpringTest:war">
    <output-path>$PROJECT_DIR$/target</output-path>
    <root id="archive" name="junitSpringTest.war">
      <element id="artifact" artifact-name="junitSpringTest:war exploded" />
    </root>
  </artifact>
</component>